<?xml version="1.0" encoding="UTF-8"?>
<robot generator="Robot 6.1.1 (Python 3.12.0 on win32)" generated="20231222 17:46:29.482" rpa="false" schemaversion="4">
<suite id="s1" name="My-Test" source="C:\Testing-qa-uas\basic-automation\test-web-uas\my-test.robot">
<test id="s1-t1" name="login-success" line="41">
<kw name="Login">
<kw name="Open Browser" library="SeleniumLibrary">
<arg>${URL}</arg>
<arg>${BROWSER}</arg>
<doc>Opens a new browser instance to the optional ``url``.</doc>
<msg timestamp="20231222 17:46:29.980" level="INFO">Opening browser 'headlessfirefox' to base url 'https://www.saucedemo.com/'.</msg>
<msg timestamp="20231222 17:46:53.123" level="INFO">Cannot capture screenshot because no browser is open.</msg>
<msg timestamp="20231222 17:46:53.124" level="FAIL">NoSuchDriverException: Message: Unable to obtain driver for firefox using Selenium Manager.; For documentation on this error, please visit: https://www.selenium.dev/documentation/webdriver/troubleshooting/errors/driver_location
</msg>
<status status="FAIL" starttime="20231222 17:46:29.980" endtime="20231222 17:46:53.143"/>
</kw>
<kw name="Wait Until Element Is Visible" library="SeleniumLibrary">
<arg>xpath://input[@name='user-name']</arg>
<doc>Waits until the element ``locator`` is visible.</doc>
<status status="NOT RUN" starttime="20231222 17:46:53.143" endtime="20231222 17:46:53.143"/>
</kw>
<kw name="Input Text" library="SeleniumLibrary">
<arg>name:user-name</arg>
<arg>${USERNAME}</arg>
<doc>Types the given ``text`` into the text field identified by ``locator``.</doc>
<status status="NOT RUN" starttime="20231222 17:46:53.143" endtime="20231222 17:46:53.143"/>
</kw>
<kw name="Input Text" library="SeleniumLibrary">
<arg>name:password</arg>
<arg>${PASSWORD}</arg>
<doc>Types the given ``text`` into the text field identified by ``locator``.</doc>
<status status="NOT RUN" starttime="20231222 17:46:53.143" endtime="20231222 17:46:53.143"/>
</kw>
<kw name="Submit Form" library="SeleniumLibrary">
<doc>Submits a form identified by ``locator``.</doc>
<status status="NOT RUN" starttime="20231222 17:46:53.144" endtime="20231222 17:46:53.144"/>
</kw>
<kw name="Page Should Contain Element" library="SeleniumLibrary">
<arg>xpath://div[@id="shopping_cart_container"]</arg>
<doc>Verifies that element ``locator`` is found on the current page.</doc>
<status status="NOT RUN" starttime="20231222 17:46:53.144" endtime="20231222 17:46:53.144"/>
</kw>
<kw name="Sleep" library="BuiltIn">
<arg>2</arg>
<doc>Pauses the test executed for the given time.</doc>
<status status="NOT RUN" starttime="20231222 17:46:53.144" endtime="20231222 17:46:53.144"/>
</kw>
<status status="FAIL" starttime="20231222 17:46:29.979" endtime="20231222 17:46:53.144"/>
</kw>
<kw name="Close Browser" library="SeleniumLibrary">
<doc>Closes the current browser.</doc>
<status status="NOT RUN" starttime="20231222 17:46:53.145" endtime="20231222 17:46:53.145"/>
</kw>
<status status="FAIL" starttime="20231222 17:46:29.978" endtime="20231222 17:46:53.145">NoSuchDriverException: Message: Unable to obtain driver for firefox using Selenium Manager.; For documentation on this error, please visit: https://www.selenium.dev/documentation/webdriver/troubleshooting/errors/driver_location
</status>
</test>
<test id="s1-t2" name="login-fail" line="47">
<kw name="Open Browser" library="SeleniumLibrary">
<arg>${URL}</arg>
<arg>${BROWSER}</arg>
<doc>Opens a new browser instance to the optional ``url``.</doc>
<msg timestamp="20231222 17:46:53.148" level="INFO">Opening browser 'headlessfirefox' to base url 'https://www.saucedemo.com/'.</msg>
<msg timestamp="20231222 17:47:12.809" level="INFO">Cannot capture screenshot because no browser is open.</msg>
<msg timestamp="20231222 17:47:12.810" level="FAIL">NoSuchDriverException: Message: Unable to obtain driver for firefox using Selenium Manager.; For documentation on this error, please visit: https://www.selenium.dev/documentation/webdriver/troubleshooting/errors/driver_location
</msg>
<status status="FAIL" starttime="20231222 17:46:53.147" endtime="20231222 17:47:12.814"/>
</kw>
<kw name="Wait Until Element Is Visible" library="SeleniumLibrary">
<arg>xpath://input[@name='user-name']</arg>
<doc>Waits until the element ``locator`` is visible.</doc>
<status status="NOT RUN" starttime="20231222 17:47:12.815" endtime="20231222 17:47:12.815"/>
</kw>
<kw name="Input Text" library="SeleniumLibrary">
<arg>name:user-name</arg>
<arg>${USERNAME}</arg>
<doc>Types the given ``text`` into the text field identified by ``locator``.</doc>
<status status="NOT RUN" starttime="20231222 17:47:12.816" endtime="20231222 17:47:12.816"/>
</kw>
<kw name="Input Text" library="SeleniumLibrary">
<arg>name:password</arg>
<arg>${PASSWORD2}</arg>
<doc>Types the given ``text`` into the text field identified by ``locator``.</doc>
<status status="NOT RUN" starttime="20231222 17:47:12.817" endtime="20231222 17:47:12.818"/>
</kw>
<kw name="Submit Form" library="SeleniumLibrary">
<doc>Submits a form identified by ``locator``.</doc>
<status status="NOT RUN" starttime="20231222 17:47:12.818" endtime="20231222 17:47:12.819"/>
</kw>
<kw name="Page Should Not Contain Element" library="SeleniumLibrary">
<arg>xpath://div[@id="shopping_cart_container"]</arg>
<doc>Verifies that element ``locator`` is not found on the current page.</doc>
<status status="NOT RUN" starttime="20231222 17:47:12.819" endtime="20231222 17:47:12.820"/>
</kw>
<kw name="Close Browser" library="SeleniumLibrary">
<doc>Closes the current browser.</doc>
<status status="NOT RUN" starttime="20231222 17:47:12.820" endtime="20231222 17:47:12.820"/>
</kw>
<status status="FAIL" starttime="20231222 17:46:53.147" endtime="20231222 17:47:12.821">NoSuchDriverException: Message: Unable to obtain driver for firefox using Selenium Manager.; For documentation on this error, please visit: https://www.selenium.dev/documentation/webdriver/troubleshooting/errors/driver_location
</status>
</test>
<test id="s1-t3" name="logout" line="57">
<kw name="Login">
<kw name="Open Browser" library="SeleniumLibrary">
<arg>${URL}</arg>
<arg>${BROWSER}</arg>
<doc>Opens a new browser instance to the optional ``url``.</doc>
<msg timestamp="20231222 17:47:12.831" level="INFO">Opening browser 'headlessfirefox' to base url 'https://www.saucedemo.com/'.</msg>
<msg timestamp="20231222 17:47:32.575" level="INFO">Cannot capture screenshot because no browser is open.</msg>
<msg timestamp="20231222 17:47:32.576" level="FAIL">NoSuchDriverException: Message: Unable to obtain driver for firefox using Selenium Manager.; For documentation on this error, please visit: https://www.selenium.dev/documentation/webdriver/troubleshooting/errors/driver_location
</msg>
<status status="FAIL" starttime="20231222 17:47:12.830" endtime="20231222 17:47:32.580"/>
</kw>
<kw name="Wait Until Element Is Visible" library="SeleniumLibrary">
<arg>xpath://input[@name='user-name']</arg>
<doc>Waits until the element ``locator`` is visible.</doc>
<status status="NOT RUN" starttime="20231222 17:47:32.580" endtime="20231222 17:47:32.580"/>
</kw>
<kw name="Input Text" library="SeleniumLibrary">
<arg>name:user-name</arg>
<arg>${USERNAME}</arg>
<doc>Types the given ``text`` into the text field identified by ``locator``.</doc>
<status status="NOT RUN" starttime="20231222 17:47:32.581" endtime="20231222 17:47:32.581"/>
</kw>
<kw name="Input Text" library="SeleniumLibrary">
<arg>name:password</arg>
<arg>${PASSWORD}</arg>
<doc>Types the given ``text`` into the text field identified by ``locator``.</doc>
<status status="NOT RUN" starttime="20231222 17:47:32.581" endtime="20231222 17:47:32.581"/>
</kw>
<kw name="Submit Form" library="SeleniumLibrary">
<doc>Submits a form identified by ``locator``.</doc>
<status status="NOT RUN" starttime="20231222 17:47:32.581" endtime="20231222 17:47:32.581"/>
</kw>
<kw name="Page Should Contain Element" library="SeleniumLibrary">
<arg>xpath://div[@id="shopping_cart_container"]</arg>
<doc>Verifies that element ``locator`` is found on the current page.</doc>
<status status="NOT RUN" starttime="20231222 17:47:32.581" endtime="20231222 17:47:32.581"/>
</kw>
<kw name="Sleep" library="BuiltIn">
<arg>2</arg>
<doc>Pauses the test executed for the given time.</doc>
<status status="NOT RUN" starttime="20231222 17:47:32.582" endtime="20231222 17:47:32.582"/>
</kw>
<status status="FAIL" starttime="20231222 17:47:12.827" endtime="20231222 17:47:32.582"/>
</kw>
<kw name="Click Button" library="SeleniumLibrary">
<arg>id:react-burger-menu-btn</arg>
<doc>Clicks the button identified by ``locator``.</doc>
<status status="NOT RUN" starttime="20231222 17:47:32.583" endtime="20231222 17:47:32.583"/>
</kw>
<kw name="Click Link" library="SeleniumLibrary">
<arg>id:logout_sidebar_link</arg>
<doc>Clicks a link identified by ``locator``.</doc>
<status status="NOT RUN" starttime="20231222 17:47:32.584" endtime="20231222 17:47:32.584"/>
</kw>
<kw name="Page Should Contain Element" library="SeleniumLibrary">
<arg>xpath://div[@id="login_button_container"]</arg>
<doc>Verifies that element ``locator`` is found on the current page.</doc>
<status status="NOT RUN" starttime="20231222 17:47:32.584" endtime="20231222 17:47:32.584"/>
</kw>
<kw name="Close Browser" library="SeleniumLibrary">
<doc>Closes the current browser.</doc>
<status status="NOT RUN" starttime="20231222 17:47:32.585" endtime="20231222 17:47:32.585"/>
</kw>
<status status="FAIL" starttime="20231222 17:47:12.824" endtime="20231222 17:47:32.585">NoSuchDriverException: Message: Unable to obtain driver for firefox using Selenium Manager.; For documentation on this error, please visit: https://www.selenium.dev/documentation/webdriver/troubleshooting/errors/driver_location
</status>
</test>
<test id="s1-t4" name="add-cart" line="66">
<kw name="Cart">
<kw name="Login">
<kw name="Open Browser" library="SeleniumLibrary">
<arg>${URL}</arg>
<arg>${BROWSER}</arg>
<doc>Opens a new browser instance to the optional ``url``.</doc>
<msg timestamp="20231222 17:47:32.591" level="INFO">Opening browser 'headlessfirefox' to base url 'https://www.saucedemo.com/'.</msg>
<msg timestamp="20231222 17:52:33.828" level="INFO">Cannot capture screenshot because no browser is open.</msg>
<msg timestamp="20231222 17:52:33.828" level="FAIL">NoSuchDriverException: Message: Unable to obtain driver for firefox using Selenium Manager.; For documentation on this error, please visit: https://www.selenium.dev/documentation/webdriver/troubleshooting/errors/driver_location
</msg>
<status status="FAIL" starttime="20231222 17:47:32.590" endtime="20231222 17:52:33.833"/>
</kw>
<kw name="Wait Until Element Is Visible" library="SeleniumLibrary">
<arg>xpath://input[@name='user-name']</arg>
<doc>Waits until the element ``locator`` is visible.</doc>
<status status="NOT RUN" starttime="20231222 17:52:33.833" endtime="20231222 17:52:33.833"/>
</kw>
<kw name="Input Text" library="SeleniumLibrary">
<arg>name:user-name</arg>
<arg>${USERNAME}</arg>
<doc>Types the given ``text`` into the text field identified by ``locator``.</doc>
<status status="NOT RUN" starttime="20231222 17:52:33.833" endtime="20231222 17:52:33.834"/>
</kw>
<kw name="Input Text" library="SeleniumLibrary">
<arg>name:password</arg>
<arg>${PASSWORD}</arg>
<doc>Types the given ``text`` into the text field identified by ``locator``.</doc>
<status status="NOT RUN" starttime="20231222 17:52:33.834" endtime="20231222 17:52:33.834"/>
</kw>
<kw name="Submit Form" library="SeleniumLibrary">
<doc>Submits a form identified by ``locator``.</doc>
<status status="NOT RUN" starttime="20231222 17:52:33.834" endtime="20231222 17:52:33.834"/>
</kw>
<kw name="Page Should Contain Element" library="SeleniumLibrary">
<arg>xpath://div[@id="shopping_cart_container"]</arg>
<doc>Verifies that element ``locator`` is found on the current page.</doc>
<status status="NOT RUN" starttime="20231222 17:52:33.834" endtime="20231222 17:52:33.835"/>
</kw>
<kw name="Sleep" library="BuiltIn">
<arg>2</arg>
<doc>Pauses the test executed for the given time.</doc>
<status status="NOT RUN" starttime="20231222 17:52:33.835" endtime="20231222 17:52:33.835"/>
</kw>
<status status="FAIL" starttime="20231222 17:47:32.589" endtime="20231222 17:52:33.835"/>
</kw>
<kw name="Click Button" library="SeleniumLibrary">
<arg>id:add-to-cart-sauce-labs-bike-light</arg>
<doc>Clicks the button identified by ``locator``.</doc>
<status status="NOT RUN" starttime="20231222 17:52:33.835" endtime="20231222 17:52:33.836"/>
</kw>
<kw name="Click Button" library="SeleniumLibrary">
<arg>id:add-to-cart-sauce-labs-fleece-jacket</arg>
<doc>Clicks the button identified by ``locator``.</doc>
<status status="NOT RUN" starttime="20231222 17:52:33.836" endtime="20231222 17:52:33.836"/>
</kw>
<kw name="Click Element" library="SeleniumLibrary">
<arg>class:shopping_cart_link</arg>
<doc>Click the element identified by ``locator``.</doc>
<status status="NOT RUN" starttime="20231222 17:52:33.836" endtime="20231222 17:52:33.836"/>
</kw>
<kw name="Sleep" library="BuiltIn">
<arg>2</arg>
<doc>Pauses the test executed for the given time.</doc>
<status status="NOT RUN" starttime="20231222 17:52:33.836" endtime="20231222 17:52:33.837"/>
</kw>
<status status="FAIL" starttime="20231222 17:47:32.589" endtime="20231222 17:52:33.837"/>
</kw>
<kw name="Close Browser" library="SeleniumLibrary">
<doc>Closes the current browser.</doc>
<status status="NOT RUN" starttime="20231222 17:52:33.839" endtime="20231222 17:52:33.839"/>
</kw>
<status status="FAIL" starttime="20231222 17:47:32.588" endtime="20231222 17:52:33.840">NoSuchDriverException: Message: Unable to obtain driver for firefox using Selenium Manager.; For documentation on this error, please visit: https://www.selenium.dev/documentation/webdriver/troubleshooting/errors/driver_location
</status>
</test>
<test id="s1-t5" name="delete-cart" line="71">
<kw name="Cart">
<kw name="Login">
<kw name="Open Browser" library="SeleniumLibrary">
<arg>${URL}</arg>
<arg>${BROWSER}</arg>
<doc>Opens a new browser instance to the optional ``url``.</doc>
<msg timestamp="20231222 17:52:33.849" level="INFO">Opening browser 'headlessfirefox' to base url 'https://www.saucedemo.com/'.</msg>
<status status="PASS" starttime="20231222 17:52:33.847" endtime="20231222 17:54:14.921"/>
</kw>
<kw name="Wait Until Element Is Visible" library="SeleniumLibrary">
<arg>xpath://input[@name='user-name']</arg>
<doc>Waits until the element ``locator`` is visible.</doc>
<status status="PASS" starttime="20231222 17:54:14.921" endtime="20231222 17:54:14.976"/>
</kw>
<kw name="Input Text" library="SeleniumLibrary">
<arg>name:user-name</arg>
<arg>${USERNAME}</arg>
<doc>Types the given ``text`` into the text field identified by ``locator``.</doc>
<msg timestamp="20231222 17:54:14.977" level="INFO">Typing text 'standard_user' into text field 'name:user-name'.</msg>
<status status="PASS" starttime="20231222 17:54:14.976" endtime="20231222 17:54:15.254"/>
</kw>
<kw name="Input Text" library="SeleniumLibrary">
<arg>name:password</arg>
<arg>${PASSWORD}</arg>
<doc>Types the given ``text`` into the text field identified by ``locator``.</doc>
<msg timestamp="20231222 17:54:15.255" level="INFO">Typing text 'secret_sauce' into text field 'name:password'.</msg>
<status status="PASS" starttime="20231222 17:54:15.254" endtime="20231222 17:54:15.416"/>
</kw>
<kw name="Submit Form" library="SeleniumLibrary">
<doc>Submits a form identified by ``locator``.</doc>
<msg timestamp="20231222 17:54:15.416" level="INFO">Submitting form 'None'.</msg>
<status status="PASS" starttime="20231222 17:54:15.416" endtime="20231222 17:54:15.524"/>
</kw>
<kw name="Page Should Contain Element" library="SeleniumLibrary">
<arg>xpath://div[@id="shopping_cart_container"]</arg>
<doc>Verifies that element ``locator`` is found on the current page.</doc>
<msg timestamp="20231222 17:54:15.562" level="INFO">Current page contains element 'xpath://div[@id="shopping_cart_container"]'.</msg>
<status status="PASS" starttime="20231222 17:54:15.524" endtime="20231222 17:54:15.562"/>
</kw>
<kw name="Sleep" library="BuiltIn">
<arg>2</arg>
<doc>Pauses the test executed for the given time.</doc>
<msg timestamp="20231222 17:54:17.563" level="INFO">Slept 2 seconds</msg>
<status status="PASS" starttime="20231222 17:54:15.562" endtime="20231222 17:54:17.563"/>
</kw>
<status status="PASS" starttime="20231222 17:52:33.846" endtime="20231222 17:54:17.563"/>
</kw>
<kw name="Click Button" library="SeleniumLibrary">
<arg>id:add-to-cart-sauce-labs-bike-light</arg>
<doc>Clicks the button identified by ``locator``.</doc>
<msg timestamp="20231222 17:54:17.564" level="INFO">Clicking button 'id:add-to-cart-sauce-labs-bike-light'.</msg>
<status status="PASS" starttime="20231222 17:54:17.563" endtime="20231222 17:54:17.811"/>
</kw>
<kw name="Click Button" library="SeleniumLibrary">
<arg>id:add-to-cart-sauce-labs-fleece-jacket</arg>
<doc>Clicks the button identified by ``locator``.</doc>
<msg timestamp="20231222 17:54:17.812" level="INFO">Clicking button 'id:add-to-cart-sauce-labs-fleece-jacket'.</msg>
<status status="PASS" starttime="20231222 17:54:17.811" endtime="20231222 17:54:18.046"/>
</kw>
<kw name="Click Element" library="SeleniumLibrary">
<arg>class:shopping_cart_link</arg>
<doc>Click the element identified by ``locator``.</doc>
<msg timestamp="20231222 17:54:18.047" level="INFO">Clicking element 'class:shopping_cart_link'.</msg>
<status status="PASS" starttime="20231222 17:54:18.046" endtime="20231222 17:54:18.297"/>
</kw>
<kw name="Sleep" library="BuiltIn">
<arg>2</arg>
<doc>Pauses the test executed for the given time.</doc>
<msg timestamp="20231222 17:54:20.298" level="INFO">Slept 2 seconds</msg>
<status status="PASS" starttime="20231222 17:54:18.297" endtime="20231222 17:54:20.298"/>
</kw>
<status status="PASS" starttime="20231222 17:52:33.846" endtime="20231222 17:54:20.298"/>
</kw>
<kw name="Click Element" library="SeleniumLibrary">
<arg>class:shopping_cart_link</arg>
<doc>Click the element identified by ``locator``.</doc>
<msg timestamp="20231222 17:54:20.300" level="INFO">Clicking element 'class:shopping_cart_link'.</msg>
<status status="PASS" starttime="20231222 17:54:20.299" endtime="20231222 17:54:20.524"/>
</kw>
<kw name="Click Button" library="SeleniumLibrary">
<arg>id:remove-sauce-labs-bike-light</arg>
<doc>Clicks the button identified by ``locator``.</doc>
<msg timestamp="20231222 17:54:20.526" level="INFO">Clicking button 'id:remove-sauce-labs-bike-light'.</msg>
<status status="PASS" starttime="20231222 17:54:20.525" endtime="20231222 17:54:20.778"/>
</kw>
<kw name="Click Button" library="SeleniumLibrary">
<arg>id:remove-sauce-labs-fleece-jacket</arg>
<doc>Clicks the button identified by ``locator``.</doc>
<msg timestamp="20231222 17:54:20.779" level="INFO">Clicking button 'id:remove-sauce-labs-fleece-jacket'.</msg>
<status status="PASS" starttime="20231222 17:54:20.779" endtime="20231222 17:54:21.009"/>
</kw>
<kw name="Close Browser" library="SeleniumLibrary">
<doc>Closes the current browser.</doc>
<status status="PASS" starttime="20231222 17:54:21.010" endtime="20231222 17:54:29.189"/>
</kw>
<status status="PASS" starttime="20231222 17:52:33.844" endtime="20231222 17:54:29.189"/>
</test>
<test id="s1-t6" name="checkout" line="79">
<kw name="Cart">
<kw name="Login">
<kw name="Open Browser" library="SeleniumLibrary">
<arg>${URL}</arg>
<arg>${BROWSER}</arg>
<doc>Opens a new browser instance to the optional ``url``.</doc>
<msg timestamp="20231222 17:54:29.194" level="INFO">Opening browser 'headlessfirefox' to base url 'https://www.saucedemo.com/'.</msg>
<status status="PASS" starttime="20231222 17:54:29.193" endtime="20231222 17:54:42.144"/>
</kw>
<kw name="Wait Until Element Is Visible" library="SeleniumLibrary">
<arg>xpath://input[@name='user-name']</arg>
<doc>Waits until the element ``locator`` is visible.</doc>
<status status="PASS" starttime="20231222 17:54:42.145" endtime="20231222 17:54:42.192"/>
</kw>
<kw name="Input Text" library="SeleniumLibrary">
<arg>name:user-name</arg>
<arg>${USERNAME}</arg>
<doc>Types the given ``text`` into the text field identified by ``locator``.</doc>
<msg timestamp="20231222 17:54:42.192" level="INFO">Typing text 'standard_user' into text field 'name:user-name'.</msg>
<status status="PASS" starttime="20231222 17:54:42.192" endtime="20231222 17:54:42.287"/>
</kw>
<kw name="Input Text" library="SeleniumLibrary">
<arg>name:password</arg>
<arg>${PASSWORD}</arg>
<doc>Types the given ``text`` into the text field identified by ``locator``.</doc>
<msg timestamp="20231222 17:54:42.288" level="INFO">Typing text 'secret_sauce' into text field 'name:password'.</msg>
<status status="PASS" starttime="20231222 17:54:42.287" endtime="20231222 17:54:42.322"/>
</kw>
<kw name="Submit Form" library="SeleniumLibrary">
<doc>Submits a form identified by ``locator``.</doc>
<msg timestamp="20231222 17:54:42.322" level="INFO">Submitting form 'None'.</msg>
<status status="PASS" starttime="20231222 17:54:42.322" endtime="20231222 17:54:42.384"/>
</kw>
<kw name="Page Should Contain Element" library="SeleniumLibrary">
<arg>xpath://div[@id="shopping_cart_container"]</arg>
<doc>Verifies that element ``locator`` is found on the current page.</doc>
<msg timestamp="20231222 17:54:42.389" level="INFO">Current page contains element 'xpath://div[@id="shopping_cart_container"]'.</msg>
<status status="PASS" starttime="20231222 17:54:42.385" endtime="20231222 17:54:42.389"/>
</kw>
<kw name="Sleep" library="BuiltIn">
<arg>2</arg>
<doc>Pauses the test executed for the given time.</doc>
<msg timestamp="20231222 17:54:44.390" level="INFO">Slept 2 seconds</msg>
<status status="PASS" starttime="20231222 17:54:42.389" endtime="20231222 17:54:44.390"/>
</kw>
<status status="PASS" starttime="20231222 17:54:29.192" endtime="20231222 17:54:44.390"/>
</kw>
<kw name="Click Button" library="SeleniumLibrary">
<arg>id:add-to-cart-sauce-labs-bike-light</arg>
<doc>Clicks the button identified by ``locator``.</doc>
<msg timestamp="20231222 17:54:44.392" level="INFO">Clicking button 'id:add-to-cart-sauce-labs-bike-light'.</msg>
<status status="PASS" starttime="20231222 17:54:44.390" endtime="20231222 17:54:44.659"/>
</kw>
<kw name="Click Button" library="SeleniumLibrary">
<arg>id:add-to-cart-sauce-labs-fleece-jacket</arg>
<doc>Clicks the button identified by ``locator``.</doc>
<msg timestamp="20231222 17:54:44.661" level="INFO">Clicking button 'id:add-to-cart-sauce-labs-fleece-jacket'.</msg>
<status status="PASS" starttime="20231222 17:54:44.660" endtime="20231222 17:54:44.915"/>
</kw>
<kw name="Click Element" library="SeleniumLibrary">
<arg>class:shopping_cart_link</arg>
<doc>Click the element identified by ``locator``.</doc>
<msg timestamp="20231222 17:54:44.917" level="INFO">Clicking element 'class:shopping_cart_link'.</msg>
<status status="PASS" starttime="20231222 17:54:44.915" endtime="20231222 17:54:45.169"/>
</kw>
<kw name="Sleep" library="BuiltIn">
<arg>2</arg>
<doc>Pauses the test executed for the given time.</doc>
<msg timestamp="20231222 17:54:47.170" level="INFO">Slept 2 seconds</msg>
<status status="PASS" starttime="20231222 17:54:45.170" endtime="20231222 17:54:47.170"/>
</kw>
<status status="PASS" starttime="20231222 17:54:29.192" endtime="20231222 17:54:47.170"/>
</kw>
<kw name="Click Button" library="SeleniumLibrary">
<arg>id:checkout</arg>
<doc>Clicks the button identified by ``locator``.</doc>
<msg timestamp="20231222 17:54:47.173" level="INFO">Clicking button 'id:checkout'.</msg>
<status status="PASS" starttime="20231222 17:54:47.171" endtime="20231222 17:54:47.455"/>
</kw>
<kw name="Page Should Contain Element" library="SeleniumLibrary">
<arg>xpath://div[@id="checkout_info_container"]</arg>
<doc>Verifies that element ``locator`` is found on the current page.</doc>
<msg timestamp="20231222 17:54:47.460" level="INFO">Current page contains element 'xpath://div[@id="checkout_info_container"]'.</msg>
<status status="PASS" starttime="20231222 17:54:47.455" endtime="20231222 17:54:47.460"/>
</kw>
<kw name="Sleep" library="BuiltIn">
<arg>2</arg>
<doc>Pauses the test executed for the given time.</doc>
<msg timestamp="20231222 17:54:49.461" level="INFO">Slept 2 seconds</msg>
<status status="PASS" starttime="20231222 17:54:47.460" endtime="20231222 17:54:49.461"/>
</kw>
<kw name="Input Text" library="SeleniumLibrary">
<arg>id:first-name</arg>
<arg>demo123</arg>
<doc>Types the given ``text`` into the text field identified by ``locator``.</doc>
<msg timestamp="20231222 17:54:49.465" level="INFO">Typing text 'demo123' into text field 'id:first-name'.</msg>
<status status="PASS" starttime="20231222 17:54:49.463" endtime="20231222 17:54:49.538"/>
</kw>
<kw name="Input Text" library="SeleniumLibrary">
<arg>id:last-name</arg>
<arg>demo123</arg>
<doc>Types the given ``text`` into the text field identified by ``locator``.</doc>
<msg timestamp="20231222 17:54:49.540" level="INFO">Typing text 'demo123' into text field 'id:last-name'.</msg>
<status status="PASS" starttime="20231222 17:54:49.539" endtime="20231222 17:54:49.575"/>
</kw>
<kw name="Input Text" library="SeleniumLibrary">
<arg>id:postal-code</arg>
<arg>112233</arg>
<doc>Types the given ``text`` into the text field identified by ``locator``.</doc>
<msg timestamp="20231222 17:54:49.576" level="INFO">Typing text '112233' into text field 'id:postal-code'.</msg>
<status status="PASS" starttime="20231222 17:54:49.575" endtime="20231222 17:54:49.605"/>
</kw>
<kw name="Submit Form" library="SeleniumLibrary">
<doc>Submits a form identified by ``locator``.</doc>
<msg timestamp="20231222 17:54:49.606" level="INFO">Submitting form 'None'.</msg>
<status status="PASS" starttime="20231222 17:54:49.605" endtime="20231222 17:54:49.629"/>
</kw>
<kw name="Page Should Contain Element" library="SeleniumLibrary">
<arg>xpath://div[@id="checkout_summary_container"]</arg>
<doc>Verifies that element ``locator`` is found on the current page.</doc>
<msg timestamp="20231222 17:54:49.633" level="INFO">Current page contains element 'xpath://div[@id="checkout_summary_container"]'.</msg>
<status status="PASS" starttime="20231222 17:54:49.629" endtime="20231222 17:54:49.633"/>
</kw>
<kw name="Sleep" library="BuiltIn">
<arg>2</arg>
<doc>Pauses the test executed for the given time.</doc>
<msg timestamp="20231222 17:54:51.636" level="INFO">Slept 2 seconds</msg>
<status status="PASS" starttime="20231222 17:54:49.635" endtime="20231222 17:54:51.636"/>
</kw>
<kw name="Execute Javascript" library="SeleniumLibrary">
<arg>window.scrollTo(0, document.body.scrollHeight)</arg>
<doc>Executes the given JavaScript code with possible arguments.</doc>
<msg timestamp="20231222 17:54:51.639" level="INFO">Executing JavaScript:
window.scrollTo(0, document.body.scrollHeight)
Without any arguments.</msg>
<status status="PASS" starttime="20231222 17:54:51.637" endtime="20231222 17:54:51.653"/>
</kw>
<kw name="Click Button" library="SeleniumLibrary">
<arg>id:finish</arg>
<doc>Clicks the button identified by ``locator``.</doc>
<msg timestamp="20231222 17:54:51.656" level="INFO">Clicking button 'id:finish'.</msg>
<status status="PASS" starttime="20231222 17:54:51.654" endtime="20231222 17:54:51.946"/>
</kw>
<kw name="Page Should Contain Element" library="SeleniumLibrary">
<arg>xpath://div[@id="checkout_complete_container"]</arg>
<doc>Verifies that element ``locator`` is found on the current page.</doc>
<msg timestamp="20231222 17:54:51.957" level="INFO">Current page contains element 'xpath://div[@id="checkout_complete_container"]'.</msg>
<status status="PASS" starttime="20231222 17:54:51.947" endtime="20231222 17:54:51.958"/>
</kw>
<kw name="Sleep" library="BuiltIn">
<arg>2</arg>
<doc>Pauses the test executed for the given time.</doc>
<msg timestamp="20231222 17:54:53.960" level="INFO">Slept 2 seconds</msg>
<status status="PASS" starttime="20231222 17:54:51.959" endtime="20231222 17:54:53.960"/>
</kw>
<kw name="Close Browser" library="SeleniumLibrary">
<doc>Closes the current browser.</doc>
<status status="PASS" starttime="20231222 17:54:53.961" endtime="20231222 17:54:59.567"/>
</kw>
<status status="PASS" starttime="20231222 17:54:29.191" endtime="20231222 17:54:59.568"/>
</test>
<status status="FAIL" starttime="20231222 17:46:29.486" endtime="20231222 17:54:59.571"/>
</suite>
<statistics>
<total>
<stat pass="2" fail="4" skip="0">All Tests</stat>
</total>
<tag>
</tag>
<suite>
<stat pass="2" fail="4" skip="0" id="s1" name="My-Test">My-Test</stat>
</suite>
</statistics>
<errors>
</errors>
</robot>
